<?xml version="1.0" encoding="UTF-8"?>
<!-- Generated by org.testng.reporters.JUnitXMLReporter -->
<testsuite ignored="0" hostname="DESKTOP-IKAR8UA" failures="1" tests="1" name="Default test" time="7.74" errors="0" timestamp="2021-09-25T15:38:18 IST">
  <testcase classname="io.cucumber.testng.AbstractTestNGCucumberTests" name="runScenario" time="7.436">
    <failure type="java.lang.AssertionError">
      <![CDATA[java.lang.AssertionError
at org.junit.Assert.fail(Assert.java:86)
at org.junit.Assert.assertTrue(Assert.java:41)
at org.junit.Assert.assertTrue(Assert.java:52)
at stepDefinitions.stepDefinition.verify_whether_login_feature_is_working(stepDefinition.java:416)
at âœ½.verify whether login feature is working(file:///C:/Users/Lakshay/eclipse-workspace/Comprehensive%20AssessmentCucumber/src/test/java/features/ValidateLogin.feature:8)
]]>
    </failure>
  </testcase> <!-- runScenario -->
</testsuite> <!-- Default test -->
