<?xml version="1.0" encoding="UTF-8"?>
<!-- Generated by org.testng.reporters.JUnitReportReporter -->
<testsuite hostname="Lab-637618506789106880-1" failures="1" tests="11" name="cucumberOptions.TestRunner" time="131.614" errors="0" timestamp="2021-09-25T22:40:34 IST" skipped="0">
  <testcase classname="cucumberOptions.TestRunner" name="runScenario" time="11.429"/>
  <system-out/>
  <testcase classname="cucumberOptions.TestRunner" name="runScenario" time="6.581">
    <failure type="java.lang.AssertionError">
      <![CDATA[java.lang.AssertionError
at org.junit.Assert.fail(Assert.java:86)
at org.junit.Assert.assertTrue(Assert.java:41)
at org.junit.Assert.assertTrue(Assert.java:52)
at stepDefinitions.stepDefinition.verify_whether_login_feature_is_working(stepDefinition.java:416)
at âœ½.verify whether login feature is working(file:///C:/Users/User/eclipse-workspace/Comprehensive%20Assessment%20Cucumber%20framework/src/test/java/features/ValidateLogin.feature:8)
]]>
    </failure>
  </testcase> <!-- runScenario -->
  <system-out/>
  <testcase classname="cucumberOptions.TestRunner" name="runScenario" time="11.202"/>
  <system-out/>
  <testcase classname="cucumberOptions.TestRunner" name="runScenario" time="16.297"/>
  <system-out/>
  <testcase classname="cucumberOptions.TestRunner" name="runScenario" time="13.044"/>
  <system-out/>
  <testcase classname="cucumberOptions.TestRunner" name="runScenario" time="15.527"/>
  <system-out/>
  <testcase classname="cucumberOptions.TestRunner" name="runScenario" time="4.147"/>
  <system-out/>
  <testcase classname="cucumberOptions.TestRunner" name="runScenario" time="7.527"/>
  <system-out/>
  <testcase classname="cucumberOptions.TestRunner" name="runScenario" time="22.170"/>
  <system-out/>
  <testcase classname="cucumberOptions.TestRunner" name="runScenario" time="7.838"/>
  <system-out/>
  <testcase classname="cucumberOptions.TestRunner" name="runScenario" time="15.852"/>
  <system-out/>
</testsuite> <!-- cucumberOptions.TestRunner -->
