<?xml version="1.0" encoding="UTF-8"?>
<!-- Generated by org.testng.reporters.JUnitReportReporter -->
<testsuite hostname="DESKTOP-IKAR8UA" failures="1" tests="10" name="cucumberOptions.TestRunner" time="114.125" errors="0" timestamp="2021-09-24T20:11:58 IST" skipped="0">
  <testcase classname="cucumberOptions.TestRunner" name="runScenario" time="12.943"/>
  <system-out/>
  <testcase classname="cucumberOptions.TestRunner" name="runScenario" time="14.250"/>
  <system-out/>
  <testcase classname="cucumberOptions.TestRunner" name="runScenario" time="16.077"/>
  <system-out/>
  <testcase classname="cucumberOptions.TestRunner" name="runScenario" time="11.512"/>
  <system-out/>
  <testcase classname="cucumberOptions.TestRunner" name="runScenario" time="2.811">
    <failure type="java.lang.AssertionError">
      <![CDATA[java.lang.AssertionError
at org.junit.Assert.fail(Assert.java:86)
at org.junit.Assert.assertTrue(Assert.java:41)
at org.junit.Assert.assertTrue(Assert.java:52)
at stepDefinitions.stepDefinition.you_reach_site_get_the_title_of_the_site(stepDefinition.java:51)
at âœ½.You reach site get the title of the site(file:///C:/Users/Lakshay/eclipse-workspace/Comprehensive%20AssessmentCucumber/src/test/java/features/ValidateTitle.feature:6)
]]>
    </failure>
  </testcase> <!-- runScenario -->
  <system-out/>
  <testcase classname="cucumberOptions.TestRunner" name="runScenario" time="12.280"/>
  <system-out/>
  <testcase classname="cucumberOptions.TestRunner" name="runScenario" time="5.722"/>
  <system-out/>
  <testcase classname="cucumberOptions.TestRunner" name="runScenario" time="8.906"/>
  <system-out/>
  <testcase classname="cucumberOptions.TestRunner" name="runScenario" time="8.901"/>
  <system-out/>
  <testcase classname="cucumberOptions.TestRunner" name="runScenario" time="20.723"/>
  <system-out/>
</testsuite> <!-- cucumberOptions.TestRunner -->
